2025-10-26 19:13:30 [main] INFO  factory.BaseClass - ===== Test Execution Started =====
2025-10-26 19:13:32 [main] INFO  factory.BaseClass - Browser initialized successfully.
2025-10-26 19:13:33 [main] INFO  factory.BaseClass - Navigated to URL: https://automationexercise.com/
2025-10-26 19:13:33 [main] INFO  factory.BaseClass - Browser window maximized.
2025-10-26 19:13:39 [main] INFO  factory.BaseClass - Scenario PASSED: Successful account Registration
2025-10-26 19:13:39 [main] INFO  factory.BaseClass - Closing browser...
2025-10-26 19:13:39 [main] INFO  factory.BaseClass - ===== Test Execution Finished =====
2025-10-26 19:40:56 [main] INFO  factory.BaseClass - ===== Test Execution Started =====
2025-10-26 19:40:59 [main] INFO  factory.BaseClass - Browser initialized successfully.
2025-10-26 19:41:00 [main] INFO  factory.BaseClass - Navigated to URL: https://automationexercise.com/
2025-10-26 19:41:01 [main] INFO  factory.BaseClass - Browser window maximized.
2025-10-26 19:41:10 [main] INFO  factory.BaseClass - Scenario PASSED: Successful account Registration
2025-10-26 19:41:10 [main] INFO  factory.BaseClass - Closing browser...
2025-10-26 19:41:10 [main] INFO  factory.BaseClass - ===== Test Execution Finished =====
2025-10-26 19:53:12 [main] INFO  factory.BaseClass - ===== Test Execution Started =====
2025-10-26 19:53:15 [main] INFO  factory.BaseClass - Browser initialized successfully.
2025-10-26 19:53:16 [main] INFO  factory.BaseClass - Navigated to URL: https://automationexercise.com/
2025-10-26 19:53:16 [main] INFO  factory.BaseClass - Browser window maximized.
2025-10-26 19:53:20 [main] INFO  factory.BaseClass - Scenario PASSED: Successful account registration and deletion
2025-10-26 19:53:20 [main] INFO  factory.BaseClass - Closing browser...
2025-10-26 19:53:20 [main] INFO  factory.BaseClass - ===== Test Execution Finished =====
2025-10-26 19:54:56 [main] INFO  factory.BaseClass - ===== Test Execution Started =====
2025-10-26 19:54:58 [main] INFO  factory.BaseClass - Browser initialized successfully.
2025-10-26 19:55:00 [main] INFO  factory.BaseClass - Navigated to URL: https://automationexercise.com/
2025-10-26 19:55:00 [main] INFO  factory.BaseClass - Browser window maximized.
2025-10-26 19:55:00 [main] INFO  factory.BaseClass - Navigating to Register Account Page
2025-10-26 19:55:01 [main] INFO  factory.BaseClass - Entering Name and Email
2025-10-26 19:55:02 [main] INFO  factory.BaseClass - Clicking on SignUp Button
2025-10-26 19:55:03 [main] INFO  factory.BaseClass - Filling account creation form
2025-10-26 19:55:06 [main] INFO  factory.BaseClass - Verifying account creation success message
2025-10-26 19:55:08 [main] INFO  factory.BaseClass - Deleting the account
2025-10-26 19:55:09 [main] INFO  factory.BaseClass - Verifying account deletion success message
2025-10-26 19:55:09 [main] INFO  factory.BaseClass - Scenario PASSED: Successful account registration and deletion
2025-10-26 19:55:09 [main] INFO  factory.BaseClass - Closing browser...
2025-10-26 19:55:10 [main] INFO  factory.BaseClass - ===== Test Execution Finished =====
2025-10-26 19:59:54 [main] INFO  factory.BaseClass - ===== Test Execution Started =====
2025-10-26 19:59:57 [main] INFO  factory.BaseClass - Browser initialized successfully.
2025-10-26 19:59:58 [main] INFO  factory.BaseClass - Navigated to URL: https://automationexercise.com/
2025-10-26 19:59:59 [main] INFO  factory.BaseClass - Browser window maximized.
2025-10-26 19:59:59 [main] INFO  factory.BaseClass - Navigating to Register Account Page
2025-10-26 20:00:00 [main] INFO  factory.BaseClass - Entering Name and Email
2025-10-26 20:00:01 [main] INFO  factory.BaseClass - Clicking on SignUp Button
2025-10-26 20:00:02 [main] INFO  factory.BaseClass - Filling account creation form
2025-10-26 20:00:05 [main] INFO  factory.BaseClass - Verifying account creation success message
2025-10-26 20:00:07 [main] INFO  factory.BaseClass - Deleting the account
2025-10-26 20:00:08 [main] INFO  factory.BaseClass - Verifying account deletion success message
2025-10-26 20:00:08 [main] INFO  factory.BaseClass - Scenario PASSED: Successful account registration and deletion
2025-10-26 20:00:08 [main] INFO  factory.BaseClass - Closing browser...
2025-10-26 20:00:09 [main] INFO  factory.BaseClass - ===== Test Execution Finished =====
2025-10-26 20:09:46 [main] INFO  factory.BaseClass - ===== Test Execution Started =====
2025-10-26 20:09:48 [main] INFO  factory.BaseClass - Browser initialized successfully.
2025-10-26 20:09:50 [main] INFO  factory.BaseClass - Navigated to URL: https://automationexercise.com/
2025-10-26 20:09:50 [main] INFO  factory.BaseClass - Browser window maximized.
2025-10-26 20:09:50 [main] INFO  factory.BaseClass - Scenario PASSED: Correct email and password
2025-10-26 20:09:50 [main] INFO  factory.BaseClass - Closing browser...
2025-10-26 20:09:51 [main] INFO  factory.BaseClass - ===== Test Execution Finished =====
2025-10-26 20:52:28 [main] INFO  factory.BaseClass - ===== Test Execution Started =====
2025-10-26 20:52:31 [main] INFO  factory.BaseClass - Browser initialized successfully.
2025-10-26 20:52:33 [main] INFO  factory.BaseClass - Navigated to URL: https://automationexercise.com/
2025-10-26 20:52:34 [main] INFO  factory.BaseClass - Browser window maximized.
2025-10-26 20:52:34 [main] INFO  factory.BaseClass - Navigate to Login Account Page
2025-10-26 20:52:36 [main] INFO  factory.BaseClass - Scenario PASSED: Correct email and password
2025-10-26 20:52:36 [main] INFO  factory.BaseClass - Closing browser...
2025-10-26 20:52:36 [main] INFO  factory.BaseClass - ===== Test Execution Finished =====
2025-10-26 20:53:53 [main] INFO  factory.BaseClass - ===== Test Execution Started =====
2025-10-26 20:53:55 [main] INFO  factory.BaseClass - Browser initialized successfully.
2025-10-26 20:53:57 [main] INFO  factory.BaseClass - Navigated to URL: https://automationexercise.com/
2025-10-26 20:53:57 [main] INFO  factory.BaseClass - Browser window maximized.
2025-10-26 20:53:57 [main] INFO  factory.BaseClass - Navigate to Login Account Page
2025-10-26 20:53:59 [main] INFO  factory.BaseClass - Scenario PASSED: Correct email and password
2025-10-26 20:53:59 [main] INFO  factory.BaseClass - Closing browser...
2025-10-26 20:54:00 [main] INFO  factory.BaseClass - ===== Test Execution Finished =====
2025-10-26 20:54:34 [main] INFO  factory.BaseClass - ===== Test Execution Started =====
2025-10-26 20:54:35 [main] INFO  factory.BaseClass - Browser initialized successfully.
2025-10-26 20:54:37 [main] INFO  factory.BaseClass - Navigated to URL: https://automationexercise.com/
2025-10-26 20:54:37 [main] INFO  factory.BaseClass - Browser window maximized.
2025-10-26 20:54:37 [main] INFO  factory.BaseClass - Navigate to Login Account Page
2025-10-26 20:54:40 [main] INFO  factory.BaseClass - Scenario PASSED: Correct email and password
2025-10-26 20:54:40 [main] INFO  factory.BaseClass - Closing browser...
2025-10-26 20:54:40 [main] INFO  factory.BaseClass - ===== Test Execution Finished =====
2025-10-26 20:57:04 [main] INFO  factory.BaseClass - ===== Test Execution Started =====
2025-10-26 20:57:05 [main] INFO  factory.BaseClass - Browser initialized successfully.
2025-10-26 20:57:07 [main] INFO  factory.BaseClass - Navigated to URL: https://automationexercise.com/
2025-10-26 20:57:07 [main] INFO  factory.BaseClass - Browser window maximized.
2025-10-26 20:57:07 [main] INFO  factory.BaseClass - Navigate to Login Account Page
2025-10-26 20:57:11 [main] INFO  factory.BaseClass - Scenario PASSED: Correct email and password
2025-10-26 20:57:11 [main] INFO  factory.BaseClass - Closing browser...
2025-10-26 20:57:11 [main] INFO  factory.BaseClass - ===== Test Execution Finished =====
2025-10-27 19:00:16 [main] INFO  factory.BaseClass - ===== Test Execution Started =====
2025-10-27 19:00:20 [main] INFO  factory.BaseClass - Browser initialized successfully.
2025-10-27 19:00:22 [main] INFO  factory.BaseClass - Navigated to URL: https://automationexercise.com/
2025-10-27 19:00:22 [main] INFO  factory.BaseClass - Browser window maximized.
2025-10-27 19:00:22 [main] INFO  factory.BaseClass - Scenario PASSED: Incorrect email or password
2025-10-27 19:00:22 [main] INFO  factory.BaseClass - Closing browser...
2025-10-27 19:00:22 [main] INFO  factory.BaseClass - ===== Test Execution Finished =====
2025-10-27 19:06:01 [main] INFO  factory.BaseClass - ===== Test Execution Started =====
2025-10-27 19:06:03 [main] INFO  factory.BaseClass - Browser initialized successfully.
2025-10-27 19:06:06 [main] INFO  factory.BaseClass - Navigated to URL: https://automationexercise.com/
2025-10-27 19:06:06 [main] INFO  factory.BaseClass - Browser window maximized.
2025-10-27 19:06:06 [main] INFO  factory.BaseClass - Scenario PASSED: Login attempt with incorrect email or password
2025-10-27 19:06:06 [main] INFO  factory.BaseClass - Closing browser...
2025-10-27 19:06:06 [main] INFO  factory.BaseClass - ===== Test Execution Finished =====
2025-10-27 19:14:23 [main] INFO  factory.BaseClass - ===== Test Execution Started =====
2025-10-27 19:14:24 [main] INFO  factory.BaseClass - Browser initialized successfully.
2025-10-27 19:14:28 [main] INFO  factory.BaseClass - Navigated to URL: https://automationexercise.com/
2025-10-27 19:14:28 [main] INFO  factory.BaseClass - Browser window maximized.
2025-10-27 19:14:28 [main] INFO  factory.BaseClass - Navigate to Login Account Page
2025-10-27 19:14:32 [main] INFO  factory.BaseClass - Scenario PASSED: Login attempt with incorrect email or password
2025-10-27 19:14:32 [main] INFO  factory.BaseClass - Closing browser...
2025-10-27 19:14:32 [main] INFO  factory.BaseClass - ===== Test Execution Finished =====
2025-10-30 20:53:29 [main] INFO  factory.BaseClass - ===== Test Execution Started =====
2025-10-30 20:53:32 [main] INFO  factory.BaseClass - Browser initialized successfully.
2025-10-30 20:53:35 [main] INFO  factory.BaseClass - Navigated to URL: https://automationexercise.com/
2025-10-30 20:53:35 [main] INFO  factory.BaseClass - Browser window maximized.
2025-10-30 20:53:35 [main] INFO  factory.BaseClass - Scenario PASSED: Exesting user will logout
2025-10-30 20:53:35 [main] INFO  factory.BaseClass - Closing browser...
2025-10-30 20:53:35 [main] INFO  factory.BaseClass - ===== Test Execution Finished =====
2025-10-30 21:07:30 [main] INFO  factory.BaseClass - ===== Test Execution Started =====
2025-10-30 21:07:32 [main] INFO  factory.BaseClass - Browser initialized successfully.
2025-10-30 21:07:34 [main] INFO  factory.BaseClass - Navigated to URL: https://automationexercise.com/
2025-10-30 21:07:34 [main] INFO  factory.BaseClass - Browser window maximized.
2025-10-30 21:07:35 [main] ERROR factory.BaseClass - Screenshot captured for failed step in scenario: Exesting user will logout
2025-10-30 21:07:35 [main] ERROR factory.BaseClass - Scenario FAILED: Exesting user will logout
2025-10-30 21:07:35 [main] INFO  factory.BaseClass - Closing browser...
2025-10-30 21:07:35 [main] INFO  factory.BaseClass - ===== Test Execution Finished =====
2025-10-30 21:08:55 [main] INFO  factory.BaseClass - ===== Test Execution Started =====
2025-10-30 21:08:57 [main] INFO  factory.BaseClass - Browser initialized successfully.
2025-10-30 21:08:59 [main] INFO  factory.BaseClass - Navigated to URL: https://automationexercise.com/
2025-10-30 21:08:59 [main] INFO  factory.BaseClass - Browser window maximized.
2025-10-30 21:08:59 [main] INFO  factory.BaseClass - Navigate to Login Page
2025-10-30 21:09:11 [main] ERROR factory.BaseClass - Screenshot captured for failed step in scenario: Exesting user will logout
2025-10-30 21:09:11 [main] ERROR factory.BaseClass - Scenario FAILED: Exesting user will logout
2025-10-30 21:09:11 [main] INFO  factory.BaseClass - Closing browser...
2025-10-30 21:09:11 [main] INFO  factory.BaseClass - ===== Test Execution Finished =====
2025-10-30 21:10:04 [main] INFO  factory.BaseClass - ===== Test Execution Started =====
2025-10-30 21:10:06 [main] INFO  factory.BaseClass - Browser initialized successfully.
2025-10-30 21:10:07 [main] INFO  factory.BaseClass - Navigated to URL: https://automationexercise.com/
2025-10-30 21:10:07 [main] INFO  factory.BaseClass - Browser window maximized.
2025-10-30 21:10:07 [main] INFO  factory.BaseClass - Navigate to Login Page
2025-10-30 21:10:13 [main] INFO  factory.BaseClass - Scenario PASSED: Exesting user will logout
2025-10-30 21:10:13 [main] INFO  factory.BaseClass - Closing browser...
2025-10-30 21:10:13 [main] INFO  factory.BaseClass - ===== Test Execution Finished =====
2025-10-30 21:36:20 [main] INFO  factory.BaseClass - ===== Test Execution Started =====
2025-10-30 21:36:22 [main] INFO  factory.BaseClass - Browser initialized successfully.
2025-10-30 21:36:23 [main] INFO  factory.BaseClass - Navigated to URL: https://automationexercise.com/
2025-10-30 21:36:23 [main] INFO  factory.BaseClass - Browser window maximized.
2025-10-30 21:36:23 [main] INFO  factory.BaseClass - Scenario PASSED: User try register new account with existing Email
2025-10-30 21:36:23 [main] INFO  factory.BaseClass - Closing browser...
2025-10-30 21:36:24 [main] INFO  factory.BaseClass - ===== Test Execution Finished =====
2025-10-30 21:42:49 [main] INFO  factory.BaseClass - ===== Test Execution Started =====
2025-10-30 21:42:50 [main] INFO  factory.BaseClass - Browser initialized successfully.
2025-10-30 21:42:53 [main] INFO  factory.BaseClass - Navigated to URL: https://automationexercise.com/
2025-10-30 21:42:53 [main] INFO  factory.BaseClass - Browser window maximized.
2025-10-30 21:42:53 [main] INFO  factory.BaseClass - User Navigates to SignUp Page
2025-10-30 21:43:05 [main] ERROR factory.BaseClass - Screenshot captured for failed step in scenario: User try register new account with existing Email
2025-10-30 21:43:05 [main] ERROR factory.BaseClass - Scenario FAILED: User try register new account with existing Email
2025-10-30 21:43:05 [main] INFO  factory.BaseClass - Closing browser...
2025-10-30 21:43:06 [main] INFO  factory.BaseClass - ===== Test Execution Finished =====
2025-10-30 21:43:29 [main] INFO  factory.BaseClass - ===== Test Execution Started =====
2025-10-30 21:43:31 [main] INFO  factory.BaseClass - Browser initialized successfully.
2025-10-30 21:43:34 [main] INFO  factory.BaseClass - Navigated to URL: https://automationexercise.com/
2025-10-30 21:43:34 [main] INFO  factory.BaseClass - Browser window maximized.
2025-10-30 21:43:34 [main] INFO  factory.BaseClass - User Navigates to SignUp Page
2025-10-30 21:43:37 [main] INFO  factory.BaseClass - Scenario PASSED: User try register new account with existing Email
2025-10-30 21:43:37 [main] INFO  factory.BaseClass - Closing browser...
2025-10-30 21:43:38 [main] INFO  factory.BaseClass - ===== Test Execution Finished =====
2025-11-02 11:47:38 [main] INFO  factory.BaseClass - ===== Test Execution Started =====
2025-11-02 11:47:41 [main] INFO  factory.BaseClass - Browser initialized successfully.
2025-11-02 11:47:43 [main] INFO  factory.BaseClass - Navigated to URL: https://automationexercise.com/
2025-11-02 11:47:43 [main] INFO  factory.BaseClass - Browser window maximized.
2025-11-02 11:47:43 [main] INFO  factory.BaseClass - Scenario PASSED: User fills the contact us form
2025-11-02 11:47:43 [main] INFO  factory.BaseClass - Closing browser...
2025-11-02 11:47:43 [main] INFO  factory.BaseClass - ===== Test Execution Finished =====
2025-11-02 13:32:00 [main] INFO  factory.BaseClass - ===== Test Execution Started =====
2025-11-02 13:32:04 [main] INFO  factory.BaseClass - Browser initialized successfully.
2025-11-02 13:32:06 [main] INFO  factory.BaseClass - Navigated to URL: https://automationexercise.com/
2025-11-02 13:32:06 [main] INFO  factory.BaseClass - Browser window maximized.
2025-11-02 13:32:09 [main] INFO  factory.BaseClass - Scenario PASSED: User fills the contact us form
2025-11-02 13:32:09 [main] INFO  factory.BaseClass - Closing browser...
2025-11-02 13:32:09 [main] INFO  factory.BaseClass - ===== Test Execution Finished =====
2025-11-02 13:32:52 [main] INFO  factory.BaseClass - ===== Test Execution Started =====
2025-11-02 13:32:54 [main] INFO  factory.BaseClass - Browser initialized successfully.
2025-11-02 13:32:55 [main] INFO  factory.BaseClass - Navigated to URL: https://automationexercise.com/
2025-11-02 13:32:55 [main] INFO  factory.BaseClass - Browser window maximized.
2025-11-02 13:32:58 [main] INFO  factory.BaseClass - Scenario PASSED: User fills the contact us form
2025-11-02 13:32:58 [main] INFO  factory.BaseClass - Closing browser...
2025-11-02 13:32:59 [main] INFO  factory.BaseClass - ===== Test Execution Finished =====
2025-11-02 13:33:28 [main] INFO  factory.BaseClass - ===== Test Execution Started =====
2025-11-02 13:33:30 [main] INFO  factory.BaseClass - Browser initialized successfully.
2025-11-02 13:33:33 [main] INFO  factory.BaseClass - Navigated to URL: https://automationexercise.com/
2025-11-02 13:33:33 [main] INFO  factory.BaseClass - Browser window maximized.
2025-11-02 13:33:39 [main] ERROR factory.BaseClass - Screenshot captured for failed step in scenario: User fills the contact us form
2025-11-02 13:33:39 [main] ERROR factory.BaseClass - Scenario FAILED: User fills the contact us form
2025-11-02 13:33:39 [main] INFO  factory.BaseClass - Closing browser...
2025-11-02 13:33:39 [main] INFO  factory.BaseClass - ===== Test Execution Finished =====
2025-11-02 13:34:14 [main] INFO  factory.BaseClass - ===== Test Execution Started =====
2025-11-02 13:34:16 [main] INFO  factory.BaseClass - Browser initialized successfully.
2025-11-02 13:34:17 [main] INFO  factory.BaseClass - Navigated to URL: https://automationexercise.com/
2025-11-02 13:34:18 [main] INFO  factory.BaseClass - Browser window maximized.
2025-11-02 13:34:21 [main] ERROR factory.BaseClass - Screenshot captured for failed step in scenario: User fills the contact us form
2025-11-02 13:34:21 [main] ERROR factory.BaseClass - Scenario FAILED: User fills the contact us form
2025-11-02 13:34:21 [main] INFO  factory.BaseClass - Closing browser...
2025-11-02 13:34:21 [main] INFO  factory.BaseClass - ===== Test Execution Finished =====
2025-11-02 14:50:48 [main] INFO  factory.BaseClass - ===== Test Execution Started =====
2025-11-02 14:50:51 [main] INFO  factory.BaseClass - Browser initialized successfully.
2025-11-02 14:50:56 [main] ERROR factory.BaseClass - Scenario FAILED: Verifying Product Details on the Product Details Page
2025-11-02 14:50:56 [main] INFO  factory.BaseClass - Closing browser...
2025-11-02 14:50:56 [main] INFO  factory.BaseClass - ===== Test Execution Finished =====
2025-11-02 15:25:53 [main] INFO  factory.BaseClass - ===== Test Execution Started =====
2025-11-02 15:25:55 [main] INFO  factory.BaseClass - Browser initialized successfully.
2025-11-02 15:25:57 [main] INFO  factory.BaseClass - Navigated to URL: https://automationexercise.com/
2025-11-02 15:25:57 [main] INFO  factory.BaseClass - Browser window maximized.
2025-11-02 15:25:57 [main] INFO  factory.BaseClass - User Navigates to Products Page
2025-11-02 15:26:02 [main] ERROR factory.BaseClass - Screenshot captured for failed step in scenario: Verifying Product Details on the Product Details Page
2025-11-02 15:26:02 [main] ERROR factory.BaseClass - Scenario FAILED: Verifying Product Details on the Product Details Page
2025-11-02 15:26:02 [main] INFO  factory.BaseClass - Closing browser...
2025-11-02 15:26:02 [main] INFO  factory.BaseClass - ===== Test Execution Finished =====
2025-11-02 15:30:11 [main] INFO  factory.BaseClass - ===== Test Execution Started =====
2025-11-02 15:30:13 [main] INFO  factory.BaseClass - Browser initialized successfully.
2025-11-02 15:30:15 [main] INFO  factory.BaseClass - Navigated to URL: https://automationexercise.com/
2025-11-02 15:30:15 [main] INFO  factory.BaseClass - Browser window maximized.
2025-11-02 15:30:15 [main] INFO  factory.BaseClass - User Navigates to Products Page
2025-11-02 15:30:18 [main] INFO  factory.BaseClass - Scenario PASSED: Verifying Product Details on the Product Details Page
2025-11-02 15:30:18 [main] INFO  factory.BaseClass - Closing browser...
2025-11-02 15:30:18 [main] INFO  factory.BaseClass - ===== Test Execution Finished =====
2025-11-02 15:32:59 [main] INFO  factory.BaseClass - ===== Test Execution Started =====
2025-11-02 15:33:01 [main] INFO  factory.BaseClass - Browser initialized successfully.
2025-11-02 15:33:02 [main] INFO  factory.BaseClass - Navigated to URL: https://automationexercise.com/
2025-11-02 15:33:02 [main] INFO  factory.BaseClass - Browser window maximized.
2025-11-02 15:33:02 [main] INFO  factory.BaseClass - User Navigates to Products Page
2025-11-02 15:33:07 [main] INFO  factory.BaseClass - Scenario PASSED: Verifying Product Details on the Product Details Page
2025-11-02 15:33:07 [main] INFO  factory.BaseClass - Closing browser...
2025-11-02 15:33:07 [main] INFO  factory.BaseClass - ===== Test Execution Finished =====
2025-11-02 15:34:43 [main] INFO  factory.BaseClass - ===== Test Execution Started =====
2025-11-02 15:34:45 [main] INFO  factory.BaseClass - Browser initialized successfully.
2025-11-02 15:34:48 [main] INFO  factory.BaseClass - Navigated to URL: https://automationexercise.com/
2025-11-02 15:34:48 [main] INFO  factory.BaseClass - Browser window maximized.
2025-11-02 15:34:48 [main] INFO  factory.BaseClass - User Navigates to Products Page
2025-11-02 15:34:52 [main] INFO  factory.BaseClass - Scenario PASSED: Verifying Product Details on the Product Details Page
2025-11-02 15:34:52 [main] INFO  factory.BaseClass - Closing browser...
2025-11-02 15:34:52 [main] INFO  factory.BaseClass - ===== Test Execution Finished =====
2025-11-03 14:01:43 [main] INFO  factory.BaseClass - ===== Test Execution Started =====
2025-11-03 14:01:47 [main] INFO  factory.BaseClass - Browser initialized successfully.
2025-11-03 14:01:49 [main] INFO  factory.BaseClass - Navigated to URL: https://automationexercise.com/
2025-11-03 14:01:49 [main] INFO  factory.BaseClass - Browser window maximized.
2025-11-03 14:01:49 [main] INFO  factory.BaseClass - Scenario PASSED: Search Product
2025-11-03 14:01:49 [main] INFO  factory.BaseClass - Closing browser...
2025-11-03 14:01:50 [main] INFO  factory.BaseClass - ===== Test Execution Finished =====
2025-11-03 18:10:36 [main] INFO  factory.BaseClass - ===== Test Execution Started =====
2025-11-03 18:10:39 [main] INFO  factory.BaseClass - Browser initialized successfully.
2025-11-03 18:10:41 [main] INFO  factory.BaseClass - Navigated to URL: https://automationexercise.com/
2025-11-03 18:10:41 [main] INFO  factory.BaseClass - Browser window maximized.
2025-11-03 18:10:41 [main] INFO  factory.BaseClass - User Navigates to Product page to search for Product
2025-11-03 18:10:55 [main] ERROR factory.BaseClass - Screenshot captured for failed step in scenario: Search Product
2025-11-03 18:10:55 [main] ERROR factory.BaseClass - Scenario FAILED: Search Product
2025-11-03 18:10:55 [main] INFO  factory.BaseClass - Closing browser...
2025-11-03 18:10:55 [main] INFO  factory.BaseClass - ===== Test Execution Finished =====
2025-11-03 18:14:07 [main] INFO  factory.BaseClass - ===== Test Execution Started =====
2025-11-03 18:14:08 [main] INFO  factory.BaseClass - Browser initialized successfully.
2025-11-03 18:14:10 [main] INFO  factory.BaseClass - Navigated to URL: https://automationexercise.com/
2025-11-03 18:14:10 [main] INFO  factory.BaseClass - Browser window maximized.
2025-11-03 18:14:10 [main] INFO  factory.BaseClass - User Navigates to Product page to search for Product
2025-11-03 18:14:24 [main] ERROR factory.BaseClass - Screenshot captured for failed step in scenario: Search Product
2025-11-03 18:14:24 [main] ERROR factory.BaseClass - Scenario FAILED: Search Product
2025-11-03 18:14:24 [main] INFO  factory.BaseClass - Closing browser...
2025-11-03 18:14:24 [main] INFO  factory.BaseClass - ===== Test Execution Finished =====
2025-11-03 18:16:49 [main] INFO  factory.BaseClass - ===== Test Execution Started =====
2025-11-03 18:16:50 [main] INFO  factory.BaseClass - Browser initialized successfully.
2025-11-03 18:16:52 [main] INFO  factory.BaseClass - Navigated to URL: https://automationexercise.com/
2025-11-03 18:16:52 [main] INFO  factory.BaseClass - Browser window maximized.
2025-11-03 18:16:52 [main] INFO  factory.BaseClass - User Navigates to Product page to search for Product
2025-11-03 18:17:08 [main] ERROR factory.BaseClass - Screenshot captured for failed step in scenario: Search Product
2025-11-03 18:17:08 [main] ERROR factory.BaseClass - Scenario FAILED: Search Product
2025-11-03 18:17:08 [main] INFO  factory.BaseClass - Closing browser...
2025-11-03 18:17:08 [main] INFO  factory.BaseClass - ===== Test Execution Finished =====
2025-11-03 18:18:57 [main] INFO  factory.BaseClass - ===== Test Execution Started =====
2025-11-03 18:18:59 [main] INFO  factory.BaseClass - Browser initialized successfully.
2025-11-03 18:19:00 [main] INFO  factory.BaseClass - Navigated to URL: https://automationexercise.com/
2025-11-03 18:19:00 [main] INFO  factory.BaseClass - Browser window maximized.
2025-11-03 18:19:00 [main] INFO  factory.BaseClass - User Navigates to Product page to search for Product
2025-11-03 18:19:08 [main] INFO  factory.BaseClass - Scenario PASSED: Search Product
2025-11-03 18:19:08 [main] INFO  factory.BaseClass - Closing browser...
2025-11-03 18:19:08 [main] INFO  factory.BaseClass - ===== Test Execution Finished =====
2025-11-04 08:46:22 [main] INFO  factory.BaseClass - ===== Test Execution Started =====
2025-11-04 08:46:26 [main] INFO  factory.BaseClass - Browser initialized successfully.
2025-11-04 08:46:27 [main] INFO  factory.BaseClass - Navigated to URL: https://automationexercise.com/
2025-11-04 08:46:28 [main] INFO  factory.BaseClass - Browser window maximized.
2025-11-04 08:46:28 [main] INFO  factory.BaseClass - Scenario PASSED: User Enters Email for subscription
2025-11-04 08:46:28 [main] INFO  factory.BaseClass - Closing browser...
2025-11-04 08:46:28 [main] INFO  factory.BaseClass - ===== Test Execution Finished =====
2025-11-04 09:12:00 [main] INFO  factory.BaseClass - ===== Test Execution Started =====
2025-11-04 09:12:02 [main] INFO  factory.BaseClass - Browser initialized successfully.
2025-11-04 09:12:05 [main] INFO  factory.BaseClass - Navigated to URL: https://automationexercise.com/
2025-11-04 09:12:05 [main] INFO  factory.BaseClass - Browser window maximized.
2025-11-04 09:12:05 [main] INFO  factory.BaseClass - User Navigates to the Subscription Input
2025-11-04 09:12:06 [main] INFO  factory.BaseClass - Scenario PASSED: User Enters Email for subscription
2025-11-04 09:12:06 [main] INFO  factory.BaseClass - Closing browser...
2025-11-04 09:12:06 [main] INFO  factory.BaseClass - ===== Test Execution Finished =====
2025-11-05 18:31:15 [main] INFO  factory.BaseClass - ===== Test Execution Started =====
2025-11-05 18:31:19 [main] INFO  factory.BaseClass - Browser initialized successfully.
2025-11-05 18:31:20 [main] INFO  factory.BaseClass - Navigated to URL: https://automationexercise.com/
2025-11-05 18:31:20 [main] ERROR factory.BaseClass - Scenario FAILED: User Enters Email for subscription
2025-11-05 18:31:20 [main] INFO  factory.BaseClass - Closing browser...
2025-11-05 18:31:21 [main] INFO  factory.BaseClass - ===== Test Execution Finished =====
2025-11-05 18:31:48 [main] INFO  factory.BaseClass - ===== Test Execution Started =====
2025-11-05 18:31:49 [main] INFO  factory.BaseClass - Browser initialized successfully.
2025-11-05 18:31:51 [main] INFO  factory.BaseClass - Navigated to URL: https://automationexercise.com/
2025-11-05 18:31:51 [main] INFO  factory.BaseClass - Browser window maximized.
2025-11-05 18:31:51 [main] INFO  factory.BaseClass - Scenario PASSED: User Enters Email for subscription
2025-11-05 18:31:51 [main] INFO  factory.BaseClass - Closing browser...
2025-11-05 18:31:51 [main] INFO  factory.BaseClass - ===== Test Execution Finished =====
2025-11-05 18:32:29 [main] INFO  factory.BaseClass - ===== Test Execution Started =====
2025-11-05 18:32:31 [main] INFO  factory.BaseClass - Browser initialized successfully.
2025-11-05 18:32:33 [main] INFO  factory.BaseClass - Navigated to URL: https://automationexercise.com/
2025-11-05 18:32:33 [main] INFO  factory.BaseClass - Browser window maximized.
2025-11-05 18:32:33 [main] INFO  factory.BaseClass - Scenario PASSED: User Enters Email for subscription
2025-11-05 18:32:33 [main] INFO  factory.BaseClass - Closing browser...
2025-11-05 18:32:33 [main] INFO  factory.BaseClass - ===== Test Execution Finished =====
2025-11-05 18:33:27 [main] INFO  factory.BaseClass - ===== Test Execution Started =====
2025-11-05 18:33:28 [main] INFO  factory.BaseClass - Browser initialized successfully.
2025-11-05 18:33:30 [main] INFO  factory.BaseClass - Navigated to URL: https://automationexercise.com/
2025-11-05 18:33:30 [main] INFO  factory.BaseClass - Browser window maximized.
2025-11-05 18:33:30 [main] INFO  factory.BaseClass - Scenario PASSED: User Enters Email for subscription
2025-11-05 18:33:30 [main] INFO  factory.BaseClass - Closing browser...
2025-11-05 18:33:30 [main] INFO  factory.BaseClass - ===== Test Execution Finished =====
2025-11-06 19:20:25 [main] INFO  factory.BaseClass - ===== Test Execution Started =====
2025-11-06 19:20:28 [main] INFO  factory.BaseClass - Browser initialized successfully.
2025-11-06 19:20:30 [main] INFO  factory.BaseClass - Navigated to URL: https://automationexercise.com/
2025-11-06 19:20:30 [main] INFO  factory.BaseClass - Browser window maximized.
2025-11-06 19:20:33 [main] INFO  factory.BaseClass - Scenario PASSED: User Enters Email for subscription
2025-11-06 19:20:33 [main] INFO  factory.BaseClass - Closing browser...
2025-11-06 19:20:33 [main] INFO  factory.BaseClass - ===== Test Execution Finished =====
2025-11-06 19:22:06 [main] INFO  factory.BaseClass - ===== Test Execution Started =====
2025-11-06 19:22:08 [main] INFO  factory.BaseClass - Browser initialized successfully.
2025-11-06 19:22:10 [main] INFO  factory.BaseClass - Navigated to URL: https://automationexercise.com/
2025-11-06 19:22:10 [main] INFO  factory.BaseClass - Browser window maximized.
2025-11-06 19:22:10 [main] INFO  factory.BaseClass - User Navigates to CartPage
2025-11-06 19:22:30 [main] ERROR factory.BaseClass - Scenario FAILED: User Enters Email for subscription
2025-11-06 19:22:30 [main] INFO  factory.BaseClass - Closing browser...
2025-11-06 19:22:30 [main] INFO  factory.BaseClass - ===== Test Execution Finished =====
2025-11-06 19:22:45 [main] INFO  factory.BaseClass - ===== Test Execution Started =====
2025-11-06 19:22:47 [main] INFO  factory.BaseClass - Browser initialized successfully.
2025-11-06 19:22:49 [main] INFO  factory.BaseClass - Navigated to URL: https://automationexercise.com/
2025-11-06 19:22:49 [main] INFO  factory.BaseClass - Browser window maximized.
2025-11-06 19:22:49 [main] INFO  factory.BaseClass - User Navigates to CartPage
2025-11-06 19:22:51 [main] INFO  factory.BaseClass - Scenario PASSED: User Enters Email for subscription
2025-11-06 19:22:51 [main] INFO  factory.BaseClass - Closing browser...
2025-11-06 19:22:51 [main] INFO  factory.BaseClass - ===== Test Execution Finished =====
2025-11-06 20:13:13 [main] INFO  factory.BaseClass - ===== Test Execution Started =====
2025-11-06 20:13:15 [main] INFO  factory.BaseClass - Browser initialized successfully.
2025-11-06 20:13:17 [main] INFO  factory.BaseClass - Navigated to URL: https://automationexercise.com/
2025-11-06 20:13:17 [main] INFO  factory.BaseClass - Browser window maximized.
2025-11-06 20:13:17 [main] INFO  factory.BaseClass - Scenario PASSED: User adds Products to Cart
2025-11-06 20:13:17 [main] INFO  factory.BaseClass - Closing browser...
2025-11-06 20:13:17 [main] INFO  factory.BaseClass - ===== Test Execution Finished =====
2025-11-09 09:14:44 [main] INFO  factory.BaseClass - ===== Test Execution Started =====
2025-11-09 09:14:47 [main] INFO  factory.BaseClass - Browser initialized successfully.
2025-11-09 09:14:48 [main] INFO  factory.BaseClass - Navigated to URL: https://automationexercise.com/
2025-11-09 09:14:48 [main] INFO  factory.BaseClass - Browser window maximized.
2025-11-09 09:14:48 [main] INFO  factory.BaseClass - User Navigates to Products Page
2025-11-09 09:15:02 [main] ERROR factory.BaseClass - Screenshot captured for failed step in scenario: User adds Products to Cart
2025-11-09 09:15:02 [main] ERROR factory.BaseClass - Scenario FAILED: User adds Products to Cart
2025-11-09 09:15:02 [main] INFO  factory.BaseClass - Closing browser...
2025-11-09 09:15:02 [main] INFO  factory.BaseClass - ===== Test Execution Finished =====
2025-11-09 09:17:26 [main] INFO  factory.BaseClass - ===== Test Execution Started =====
2025-11-09 09:17:28 [main] INFO  factory.BaseClass - Browser initialized successfully.
2025-11-09 09:17:29 [main] INFO  factory.BaseClass - Navigated to URL: https://automationexercise.com/
2025-11-09 09:17:29 [main] INFO  factory.BaseClass - Browser window maximized.
2025-11-09 09:17:29 [main] INFO  factory.BaseClass - User Navigates to Products Page
2025-11-09 09:18:00 [main] ERROR factory.BaseClass - Scenario FAILED: User adds Products to Cart
2025-11-09 09:18:00 [main] INFO  factory.BaseClass - Closing browser...
2025-11-09 09:18:00 [main] INFO  factory.BaseClass - ===== Test Execution Finished =====
2025-11-09 09:18:20 [main] INFO  factory.BaseClass - ===== Test Execution Started =====
2025-11-09 09:18:22 [main] INFO  factory.BaseClass - Browser initialized successfully.
2025-11-09 09:18:24 [main] INFO  factory.BaseClass - Navigated to URL: https://automationexercise.com/
2025-11-09 09:18:24 [main] INFO  factory.BaseClass - Browser window maximized.
2025-11-09 09:18:24 [main] INFO  factory.BaseClass - User Navigates to Products Page
2025-11-09 09:18:29 [main] ERROR factory.BaseClass - Screenshot captured for failed step in scenario: User adds Products to Cart
2025-11-09 09:18:29 [main] ERROR factory.BaseClass - Scenario FAILED: User adds Products to Cart
2025-11-09 09:18:29 [main] INFO  factory.BaseClass - Closing browser...
2025-11-09 09:18:29 [main] INFO  factory.BaseClass - ===== Test Execution Finished =====
2025-11-09 09:27:25 [main] INFO  factory.BaseClass - ===== Test Execution Started =====
2025-11-09 09:27:27 [main] INFO  factory.BaseClass - Browser initialized successfully.
2025-11-09 09:27:28 [main] INFO  factory.BaseClass - Navigated to URL: https://automationexercise.com/
2025-11-09 09:27:28 [main] INFO  factory.BaseClass - Browser window maximized.
2025-11-09 09:27:28 [main] INFO  factory.BaseClass - User Navigates to Products Page
2025-11-09 09:27:44 [main] INFO  factory.BaseClass - Scenario PASSED: User adds Products to Cart
2025-11-09 09:27:44 [main] INFO  factory.BaseClass - Closing browser...
2025-11-09 09:27:45 [main] INFO  factory.BaseClass - ===== Test Execution Finished =====
2025-11-09 09:42:46 [main] INFO  factory.BaseClass - ===== Test Execution Started =====
2025-11-09 09:42:49 [main] INFO  factory.BaseClass - Browser initialized successfully.
2025-11-09 09:42:50 [main] INFO  factory.BaseClass - Navigated to URL: https://automationexercise.com/
2025-11-09 09:42:50 [main] INFO  factory.BaseClass - Browser window maximized.
2025-11-09 09:42:50 [main] INFO  factory.BaseClass - User Navigates to Products Page
2025-11-09 09:43:22 [main] ERROR factory.BaseClass - Scenario FAILED: User adds Products to Cart
2025-11-09 09:43:22 [main] INFO  factory.BaseClass - Closing browser...
2025-11-09 09:43:23 [main] INFO  factory.BaseClass - ===== Test Execution Finished =====
2025-11-09 09:43:31 [main] INFO  factory.BaseClass - ===== Test Execution Started =====
2025-11-09 09:43:33 [main] INFO  factory.BaseClass - Browser initialized successfully.
2025-11-09 09:43:34 [main] INFO  factory.BaseClass - Navigated to URL: https://automationexercise.com/
2025-11-09 09:43:34 [main] INFO  factory.BaseClass - Browser window maximized.
2025-11-09 09:43:34 [main] INFO  factory.BaseClass - User Navigates to Products Page
2025-11-09 09:43:49 [main] INFO  factory.BaseClass - Scenario PASSED: User adds Products to Cart
2025-11-09 09:43:49 [main] INFO  factory.BaseClass - Closing browser...
2025-11-09 09:43:50 [main] INFO  factory.BaseClass - ===== Test Execution Finished =====
2025-11-09 09:44:38 [main] INFO  factory.BaseClass - ===== Test Execution Started =====
2025-11-09 09:44:39 [main] INFO  factory.BaseClass - Browser initialized successfully.
2025-11-09 09:44:41 [main] INFO  factory.BaseClass - Navigated to URL: https://automationexercise.com/
2025-11-09 09:44:41 [main] INFO  factory.BaseClass - Browser window maximized.
2025-11-09 09:44:41 [main] INFO  factory.BaseClass - User Navigates to Products Page
2025-11-09 09:44:45 [main] INFO  factory.BaseClass - Scenario PASSED: User adds Products to Cart
2025-11-09 09:44:45 [main] INFO  factory.BaseClass - Closing browser...
2025-11-09 09:44:46 [main] INFO  factory.BaseClass - ===== Test Execution Finished =====
2025-11-09 09:45:16 [main] INFO  factory.BaseClass - ===== Test Execution Started =====
2025-11-09 09:45:18 [main] INFO  factory.BaseClass - Browser initialized successfully.
2025-11-09 09:45:20 [main] INFO  factory.BaseClass - Navigated to URL: https://automationexercise.com/
2025-11-09 09:45:20 [main] INFO  factory.BaseClass - Browser window maximized.
2025-11-09 09:45:20 [main] INFO  factory.BaseClass - User Navigates to Products Page
2025-11-09 09:45:24 [main] INFO  factory.BaseClass - Scenario PASSED: User adds Products to Cart
2025-11-09 09:45:24 [main] INFO  factory.BaseClass - Closing browser...
2025-11-09 09:45:25 [main] INFO  factory.BaseClass - ===== Test Execution Finished =====
2025-11-09 09:46:56 [main] INFO  factory.BaseClass - ===== Test Execution Started =====
2025-11-09 09:46:58 [main] INFO  factory.BaseClass - Browser initialized successfully.
2025-11-09 09:46:59 [main] INFO  factory.BaseClass - Navigated to URL: https://automationexercise.com/
2025-11-09 09:46:59 [main] INFO  factory.BaseClass - Browser window maximized.
2025-11-09 09:46:59 [main] INFO  factory.BaseClass - User Navigates to Products Page
2025-11-09 09:47:04 [main] INFO  factory.BaseClass - Scenario PASSED: User adds Products to Cart
2025-11-09 09:47:04 [main] INFO  factory.BaseClass - Closing browser...
2025-11-09 09:47:04 [main] INFO  factory.BaseClass - ===== Test Execution Finished =====
2025-11-09 09:48:10 [main] INFO  factory.BaseClass - ===== Test Execution Started =====
2025-11-09 09:48:12 [main] INFO  factory.BaseClass - Browser initialized successfully.
2025-11-09 09:48:13 [main] INFO  factory.BaseClass - Navigated to URL: https://automationexercise.com/
2025-11-09 09:48:13 [main] INFO  factory.BaseClass - Browser window maximized.
2025-11-09 09:48:13 [main] INFO  factory.BaseClass - User Navigates to Products Page
2025-11-09 09:48:25 [main] ERROR factory.BaseClass - Scenario FAILED: User adds Products to Cart
2025-11-09 09:48:25 [main] INFO  factory.BaseClass - Closing browser...
2025-11-09 09:48:25 [main] INFO  factory.BaseClass - ===== Test Execution Finished =====
2025-11-09 09:48:34 [main] INFO  factory.BaseClass - ===== Test Execution Started =====
2025-11-09 09:48:36 [main] INFO  factory.BaseClass - Browser initialized successfully.
2025-11-09 09:48:37 [main] INFO  factory.BaseClass - Navigated to URL: https://automationexercise.com/
2025-11-09 09:48:38 [main] INFO  factory.BaseClass - Browser window maximized.
2025-11-09 09:48:38 [main] INFO  factory.BaseClass - User Navigates to Products Page
2025-11-09 09:48:46 [main] ERROR factory.BaseClass - Scenario FAILED: User adds Products to Cart
2025-11-09 09:48:46 [main] INFO  factory.BaseClass - Closing browser...
2025-11-09 09:48:46 [main] INFO  factory.BaseClass - ===== Test Execution Finished =====
2025-11-09 09:51:43 [main] INFO  factory.BaseClass - ===== Test Execution Started =====
2025-11-09 09:51:45 [main] INFO  factory.BaseClass - Browser initialized successfully.
2025-11-09 09:51:46 [main] INFO  factory.BaseClass - Navigated to URL: https://automationexercise.com/
2025-11-09 09:51:46 [main] INFO  factory.BaseClass - Browser window maximized.
2025-11-09 09:51:46 [main] INFO  factory.BaseClass - User Navigates to Products Page
2025-11-09 09:51:53 [main] ERROR factory.BaseClass - Screenshot captured for failed step in scenario: User adds Products to Cart
2025-11-09 09:51:53 [main] ERROR factory.BaseClass - Scenario FAILED: User adds Products to Cart
2025-11-09 09:51:53 [main] INFO  factory.BaseClass - Closing browser...
2025-11-09 09:51:53 [main] INFO  factory.BaseClass - ===== Test Execution Finished =====
2025-11-09 09:52:41 [main] INFO  factory.BaseClass - ===== Test Execution Started =====
2025-11-09 09:52:43 [main] INFO  factory.BaseClass - Browser initialized successfully.
2025-11-09 09:52:44 [main] INFO  factory.BaseClass - Navigated to URL: https://automationexercise.com/
2025-11-09 09:52:44 [main] INFO  factory.BaseClass - Browser window maximized.
2025-11-09 09:52:44 [main] INFO  factory.BaseClass - User Navigates to Products Page
2025-11-09 09:52:55 [main] ERROR factory.BaseClass - Scenario FAILED: User adds Products to Cart
2025-11-09 09:52:55 [main] INFO  factory.BaseClass - Closing browser...
2025-11-09 09:52:55 [main] INFO  factory.BaseClass - ===== Test Execution Finished =====
2025-11-09 09:53:03 [main] INFO  factory.BaseClass - ===== Test Execution Started =====
2025-11-09 09:53:05 [main] INFO  factory.BaseClass - Browser initialized successfully.
2025-11-09 09:53:07 [main] INFO  factory.BaseClass - Navigated to URL: https://automationexercise.com/
2025-11-09 09:53:07 [main] INFO  factory.BaseClass - Browser window maximized.
2025-11-09 09:53:07 [main] INFO  factory.BaseClass - User Navigates to Products Page
2025-11-09 09:53:23 [main] INFO  factory.BaseClass - Scenario PASSED: User adds Products to Cart
2025-11-09 09:53:23 [main] INFO  factory.BaseClass - Closing browser...
2025-11-09 09:53:24 [main] INFO  factory.BaseClass - ===== Test Execution Finished =====
2025-11-09 10:00:13 [main] INFO  factory.BaseClass - ===== Test Execution Started =====
2025-11-09 10:00:15 [main] INFO  factory.BaseClass - Browser initialized successfully.
2025-11-09 10:00:18 [main] INFO  factory.BaseClass - Navigated to URL: https://automationexercise.com/
2025-11-09 10:00:18 [main] INFO  factory.BaseClass - Browser window maximized.
2025-11-09 10:00:18 [main] INFO  factory.BaseClass - User Navigates to Products Page
2025-11-09 10:00:35 [main] INFO  factory.BaseClass - Scenario PASSED: User adds Products to Cart
2025-11-09 10:00:35 [main] INFO  factory.BaseClass - Closing browser...
2025-11-09 10:00:35 [main] INFO  factory.BaseClass - ===== Test Execution Finished =====
2025-11-09 10:16:14 [main] INFO  factory.BaseClass - ===== Test Execution Started =====
2025-11-09 10:16:17 [main] INFO  factory.BaseClass - Browser initialized successfully.
2025-11-09 10:16:19 [main] INFO  factory.BaseClass - Navigated to URL: https://automationexercise.com/
2025-11-09 10:16:19 [main] INFO  factory.BaseClass - Browser window maximized.
2025-11-09 10:16:19 [main] INFO  factory.BaseClass - User Navigates to Products Page
2025-11-09 10:16:35 [main] INFO  factory.BaseClass - Scenario PASSED: User adds Products to Cart
2025-11-09 10:16:35 [main] INFO  factory.BaseClass - Closing browser...
2025-11-09 10:16:35 [main] INFO  factory.BaseClass - ===== Test Execution Finished =====
2025-11-09 10:26:20 [main] INFO  factory.BaseClass - ===== Test Execution Started =====
2025-11-09 10:26:22 [main] INFO  factory.BaseClass - Browser initialized successfully.
2025-11-09 10:26:24 [main] INFO  factory.BaseClass - Navigated to URL: https://automationexercise.com/
2025-11-09 10:26:24 [main] INFO  factory.BaseClass - Browser window maximized.
2025-11-09 10:26:24 [main] INFO  factory.BaseClass - User Navigates to Products Page
2025-11-09 10:26:29 [main] ERROR factory.BaseClass - Screenshot captured for failed step in scenario: User adds Products to Cart
2025-11-09 10:26:29 [main] ERROR factory.BaseClass - Scenario FAILED: User adds Products to Cart
2025-11-09 10:26:29 [main] INFO  factory.BaseClass - Closing browser...
2025-11-09 10:26:30 [main] INFO  factory.BaseClass - ===== Test Execution Finished =====
2025-11-09 10:27:24 [main] INFO  factory.BaseClass - ===== Test Execution Started =====
2025-11-09 10:27:26 [main] INFO  factory.BaseClass - Browser initialized successfully.
2025-11-09 10:27:28 [main] INFO  factory.BaseClass - Navigated to URL: https://automationexercise.com/
2025-11-09 10:27:28 [main] INFO  factory.BaseClass - Browser window maximized.
2025-11-09 10:27:28 [main] INFO  factory.BaseClass - User Navigates to Products Page
2025-11-09 10:27:33 [main] INFO  factory.BaseClass - Scenario PASSED: User adds Products to Cart
2025-11-09 10:27:33 [main] INFO  factory.BaseClass - Closing browser...
2025-11-09 10:27:34 [main] INFO  factory.BaseClass - ===== Test Execution Finished =====
2025-11-09 10:28:01 [main] INFO  factory.BaseClass - ===== Test Execution Started =====
2025-11-09 10:28:03 [main] INFO  factory.BaseClass - Browser initialized successfully.
2025-11-09 10:28:05 [main] INFO  factory.BaseClass - Navigated to URL: https://automationexercise.com/
2025-11-09 10:28:05 [main] INFO  factory.BaseClass - Browser window maximized.
2025-11-09 10:28:05 [main] INFO  factory.BaseClass - User Navigates to Products Page
2025-11-09 10:28:10 [main] ERROR factory.BaseClass - Screenshot captured for failed step in scenario: User adds Products to Cart
2025-11-09 10:28:10 [main] ERROR factory.BaseClass - Scenario FAILED: User adds Products to Cart
2025-11-09 10:28:10 [main] INFO  factory.BaseClass - Closing browser...
2025-11-09 10:28:10 [main] INFO  factory.BaseClass - ===== Test Execution Finished =====
2025-11-09 10:30:39 [main] INFO  factory.BaseClass - ===== Test Execution Started =====
2025-11-09 10:30:41 [main] INFO  factory.BaseClass - Browser initialized successfully.
2025-11-09 10:30:42 [main] INFO  factory.BaseClass - Navigated to URL: https://automationexercise.com/
2025-11-09 10:30:42 [main] INFO  factory.BaseClass - Browser window maximized.
2025-11-09 10:30:42 [main] INFO  factory.BaseClass - User Navigates to Products Page
2025-11-09 10:30:47 [main] ERROR factory.BaseClass - Screenshot captured for failed step in scenario: User adds Products to Cart
2025-11-09 10:30:47 [main] ERROR factory.BaseClass - Scenario FAILED: User adds Products to Cart
2025-11-09 10:30:47 [main] INFO  factory.BaseClass - Closing browser...
2025-11-09 10:30:48 [main] INFO  factory.BaseClass - ===== Test Execution Finished =====
2025-11-09 10:31:27 [main] INFO  factory.BaseClass - ===== Test Execution Started =====
2025-11-09 10:31:29 [main] INFO  factory.BaseClass - Browser initialized successfully.
2025-11-09 10:31:31 [main] INFO  factory.BaseClass - Navigated to URL: https://automationexercise.com/
2025-11-09 10:31:31 [main] INFO  factory.BaseClass - Browser window maximized.
2025-11-09 10:31:31 [main] INFO  factory.BaseClass - User Navigates to Products Page
2025-11-09 10:31:35 [main] ERROR factory.BaseClass - Screenshot captured for failed step in scenario: User adds Products to Cart
2025-11-09 10:31:35 [main] ERROR factory.BaseClass - Scenario FAILED: User adds Products to Cart
2025-11-09 10:31:35 [main] INFO  factory.BaseClass - Closing browser...
2025-11-09 10:31:36 [main] INFO  factory.BaseClass - ===== Test Execution Finished =====
2025-11-09 10:32:05 [main] INFO  factory.BaseClass - ===== Test Execution Started =====
2025-11-09 10:32:07 [main] INFO  factory.BaseClass - Browser initialized successfully.
2025-11-09 10:32:09 [main] INFO  factory.BaseClass - Navigated to URL: https://automationexercise.com/
2025-11-09 10:32:09 [main] INFO  factory.BaseClass - Browser window maximized.
2025-11-09 10:32:09 [main] INFO  factory.BaseClass - User Navigates to Products Page
2025-11-09 10:32:16 [main] ERROR factory.BaseClass - Scenario FAILED: User adds Products to Cart
2025-11-09 10:32:16 [main] INFO  factory.BaseClass - Closing browser...
2025-11-09 10:32:16 [main] INFO  factory.BaseClass - ===== Test Execution Finished =====
2025-11-09 10:32:27 [main] INFO  factory.BaseClass - ===== Test Execution Started =====
2025-11-09 10:32:29 [main] INFO  factory.BaseClass - Browser initialized successfully.
2025-11-09 10:32:31 [main] INFO  factory.BaseClass - Navigated to URL: https://automationexercise.com/
2025-11-09 10:32:31 [main] INFO  factory.BaseClass - Browser window maximized.
2025-11-09 10:32:31 [main] INFO  factory.BaseClass - User Navigates to Products Page
2025-11-09 10:32:36 [main] INFO  factory.BaseClass - Scenario PASSED: User adds Products to Cart
2025-11-09 10:32:36 [main] INFO  factory.BaseClass - Closing browser...
2025-11-09 10:32:36 [main] INFO  factory.BaseClass - ===== Test Execution Finished =====
2025-11-10 08:11:39 [main] INFO  factory.BaseClass - ===== Test Execution Started =====
2025-11-10 08:11:43 [main] INFO  factory.BaseClass - Browser initialized successfully.
2025-11-10 08:11:44 [main] INFO  factory.BaseClass - Navigated to URL: https://automationexercise.com/
2025-11-10 08:11:44 [main] INFO  factory.BaseClass - Browser window maximized.
2025-11-10 08:11:44 [main] INFO  factory.BaseClass - Scenario PASSED: User adds product to cart and verifies cart total
2025-11-10 08:11:44 [main] INFO  factory.BaseClass - Closing browser...
2025-11-10 08:11:45 [main] INFO  factory.BaseClass - ===== Test Execution Finished =====
2025-11-10 08:51:33 [main] INFO  factory.BaseClass - ===== Test Execution Started =====
2025-11-10 08:51:35 [main] INFO  factory.BaseClass - Browser initialized successfully.
2025-11-10 08:51:37 [main] INFO  factory.BaseClass - Navigated to URL: https://automationexercise.com/
2025-11-10 08:51:37 [main] INFO  factory.BaseClass - Browser window maximized.
2025-11-10 08:51:37 [main] INFO  factory.BaseClass - User is on HomePage and view Product
2025-11-10 08:51:42 [main] ERROR factory.BaseClass - Screenshot captured for failed step in scenario: User adds product to cart and verifies cart total
2025-11-10 08:51:42 [main] ERROR factory.BaseClass - Scenario FAILED: User adds product to cart and verifies cart total
2025-11-10 08:51:42 [main] INFO  factory.BaseClass - Closing browser...
2025-11-10 08:51:43 [main] INFO  factory.BaseClass - ===== Test Execution Finished =====
2025-11-10 08:54:29 [main] INFO  factory.BaseClass - ===== Test Execution Started =====
2025-11-10 08:54:31 [main] INFO  factory.BaseClass - Browser initialized successfully.
2025-11-10 08:54:33 [main] INFO  factory.BaseClass - Navigated to URL: https://automationexercise.com/
2025-11-10 08:54:33 [main] INFO  factory.BaseClass - Browser window maximized.
2025-11-10 08:54:33 [main] INFO  factory.BaseClass - User is on HomePage and view Product
2025-11-10 08:54:38 [main] ERROR factory.BaseClass - Screenshot captured for failed step in scenario: User adds product to cart and verifies cart total
2025-11-10 08:54:38 [main] ERROR factory.BaseClass - Scenario FAILED: User adds product to cart and verifies cart total
2025-11-10 08:54:38 [main] INFO  factory.BaseClass - Closing browser...
2025-11-10 08:54:38 [main] INFO  factory.BaseClass - ===== Test Execution Finished =====
2025-11-10 09:00:26 [main] INFO  factory.BaseClass - ===== Test Execution Started =====
2025-11-10 09:00:28 [main] INFO  factory.BaseClass - Browser initialized successfully.
2025-11-10 09:00:31 [main] INFO  factory.BaseClass - Navigated to URL: https://automationexercise.com/
2025-11-10 09:00:31 [main] INFO  factory.BaseClass - Browser window maximized.
2025-11-10 09:00:32 [main] INFO  factory.BaseClass - User is on HomePage and view Product
2025-11-10 09:00:36 [main] INFO  factory.BaseClass - Scenario PASSED: User adds product to cart and verifies cart total
2025-11-10 09:00:36 [main] INFO  factory.BaseClass - Closing browser...
2025-11-10 09:00:36 [main] INFO  factory.BaseClass - ===== Test Execution Finished =====
2025-11-12 19:42:17 [main] INFO  factory.BaseClass - ===== Test Execution Started =====
2025-11-12 19:42:23 [main] INFO  factory.BaseClass - Browser initialized successfully.
2025-11-12 19:42:25 [main] INFO  factory.BaseClass - Navigated to URL: https://automationexercise.com/
2025-11-12 19:42:25 [main] INFO  factory.BaseClass - Browser window maximized.
2025-11-12 19:42:25 [main] INFO  factory.BaseClass - Scenario PASSED: Register during checkout and place order successfully
2025-11-12 19:42:25 [main] INFO  factory.BaseClass - Closing browser...
2025-11-12 19:42:25 [main] INFO  factory.BaseClass - ===== Test Execution Finished =====
2025-11-14 08:30:03 [main] INFO  factory.BaseClass - ===== Test Execution Started =====
2025-11-14 08:30:06 [main] INFO  factory.BaseClass - Browser initialized successfully.
2025-11-14 08:30:08 [main] INFO  factory.BaseClass - Navigated to URL: https://automationexercise.com/
2025-11-14 08:30:08 [main] INFO  factory.BaseClass - Browser window maximized.
2025-11-14 08:30:08 [main] INFO  factory.BaseClass - Scenario PASSED: Register during checkout and place order successfully
2025-11-14 08:30:08 [main] INFO  factory.BaseClass - Closing browser...
2025-11-14 08:30:08 [main] INFO  factory.BaseClass - ===== Test Execution Finished =====
2025-11-14 20:24:01 [main] INFO  factory.BaseClass - ===== Test Execution Started =====
2025-11-14 20:24:05 [main] INFO  factory.BaseClass - Browser initialized successfully.
2025-11-14 20:24:07 [main] INFO  factory.BaseClass - Navigated to URL: https://automationexercise.com/
2025-11-14 20:24:07 [main] INFO  factory.BaseClass - Browser window maximized.
2025-11-14 20:24:20 [main] ERROR factory.BaseClass - Screenshot captured for failed step in scenario: Register during checkout and place order successfully
2025-11-14 20:24:20 [main] ERROR factory.BaseClass - Scenario FAILED: Register during checkout and place order successfully
2025-11-14 20:24:20 [main] INFO  factory.BaseClass - Closing browser...
2025-11-14 20:24:20 [main] INFO  factory.BaseClass - ===== Test Execution Finished =====
2025-11-14 20:46:15 [main] INFO  factory.BaseClass - ===== Test Execution Started =====
2025-11-14 20:46:17 [main] INFO  factory.BaseClass - Browser initialized successfully.
2025-11-14 20:46:19 [main] INFO  factory.BaseClass - Navigated to URL: https://automationexercise.com/
2025-11-14 20:46:19 [main] INFO  factory.BaseClass - Browser window maximized.
2025-11-14 20:46:32 [main] ERROR factory.BaseClass - Screenshot captured for failed step in scenario: Register during checkout and place order successfully
2025-11-14 20:46:32 [main] ERROR factory.BaseClass - Scenario FAILED: Register during checkout and place order successfully
2025-11-14 20:46:32 [main] INFO  factory.BaseClass - Closing browser...
2025-11-14 20:46:33 [main] INFO  factory.BaseClass - ===== Test Execution Finished =====
2025-11-14 20:52:30 [main] INFO  factory.BaseClass - ===== Test Execution Started =====
2025-11-14 20:52:32 [main] INFO  factory.BaseClass - Browser initialized successfully.
2025-11-14 20:52:33 [main] INFO  factory.BaseClass - Navigated to URL: https://automationexercise.com/
2025-11-14 20:52:33 [main] INFO  factory.BaseClass - Browser window maximized.
2025-11-14 20:52:47 [main] ERROR factory.BaseClass - Screenshot captured for failed step in scenario: Register during checkout and place order successfully
2025-11-14 20:52:47 [main] ERROR factory.BaseClass - Scenario FAILED: Register during checkout and place order successfully
2025-11-14 20:52:47 [main] INFO  factory.BaseClass - Closing browser...
2025-11-14 20:52:48 [main] INFO  factory.BaseClass - ===== Test Execution Finished =====
2025-11-14 20:57:37 [main] INFO  factory.BaseClass - ===== Test Execution Started =====
2025-11-14 20:57:40 [main] INFO  factory.BaseClass - Browser initialized successfully.
2025-11-14 20:57:43 [main] INFO  factory.BaseClass - Navigated to URL: https://automationexercise.com/
2025-11-14 20:57:43 [main] INFO  factory.BaseClass - Browser window maximized.
2025-11-14 20:57:57 [main] ERROR factory.BaseClass - Screenshot captured for failed step in scenario: Register during checkout and place order successfully
2025-11-14 20:57:57 [main] ERROR factory.BaseClass - Scenario FAILED: Register during checkout and place order successfully
2025-11-14 20:57:57 [main] INFO  factory.BaseClass - Closing browser...
2025-11-14 20:57:57 [main] INFO  factory.BaseClass - ===== Test Execution Finished =====
2025-11-14 21:32:58 [main] INFO  factory.BaseClass - ===== Test Execution Started =====
2025-11-14 21:33:00 [main] INFO  factory.BaseClass - Browser initialized successfully.
2025-11-14 21:33:02 [main] INFO  factory.BaseClass - Navigated to URL: https://automationexercise.com/
2025-11-14 21:33:02 [main] INFO  factory.BaseClass - Browser window maximized.
2025-11-14 21:33:16 [main] ERROR factory.BaseClass - Screenshot captured for failed step in scenario: Register during checkout and place order successfully
2025-11-14 21:33:16 [main] ERROR factory.BaseClass - Scenario FAILED: Register during checkout and place order successfully
2025-11-14 21:33:16 [main] INFO  factory.BaseClass - Closing browser...
2025-11-14 21:33:16 [main] INFO  factory.BaseClass - ===== Test Execution Finished =====
2025-11-14 21:38:50 [main] INFO  factory.BaseClass - ===== Test Execution Started =====
2025-11-14 21:38:52 [main] INFO  factory.BaseClass - Browser initialized successfully.
2025-11-14 21:38:53 [main] INFO  factory.BaseClass - Navigated to URL: https://automationexercise.com/
2025-11-14 21:38:53 [main] INFO  factory.BaseClass - Browser window maximized.
2025-11-14 21:39:26 [main] ERROR factory.BaseClass - Screenshot captured for failed step in scenario: Register during checkout and place order successfully
2025-11-14 21:39:26 [main] ERROR factory.BaseClass - Scenario FAILED: Register during checkout and place order successfully
2025-11-14 21:39:26 [main] INFO  factory.BaseClass - Closing browser...
2025-11-14 21:39:26 [main] INFO  factory.BaseClass - ===== Test Execution Finished =====
2025-11-14 21:41:15 [main] INFO  factory.BaseClass - ===== Test Execution Started =====
2025-11-14 21:41:17 [main] INFO  factory.BaseClass - Browser initialized successfully.
2025-11-14 21:41:18 [main] INFO  factory.BaseClass - Navigated to URL: https://automationexercise.com/
2025-11-14 21:41:18 [main] INFO  factory.BaseClass - Browser window maximized.
2025-11-14 21:41:32 [main] ERROR factory.BaseClass - Screenshot captured for failed step in scenario: Register during checkout and place order successfully
2025-11-14 21:41:32 [main] ERROR factory.BaseClass - Scenario FAILED: Register during checkout and place order successfully
2025-11-14 21:41:32 [main] INFO  factory.BaseClass - Closing browser...
2025-11-14 21:41:32 [main] INFO  factory.BaseClass - ===== Test Execution Finished =====
2025-11-14 21:46:19 [main] INFO  factory.BaseClass - ===== Test Execution Started =====
2025-11-14 21:46:21 [main] INFO  factory.BaseClass - Browser initialized successfully.
2025-11-14 21:46:22 [main] INFO  factory.BaseClass - Navigated to URL: https://automationexercise.com/
2025-11-14 21:46:22 [main] INFO  factory.BaseClass - Browser window maximized.
2025-11-14 21:46:37 [main] ERROR factory.BaseClass - Screenshot captured for failed step in scenario: Register during checkout and place order successfully
2025-11-14 21:46:37 [main] ERROR factory.BaseClass - Scenario FAILED: Register during checkout and place order successfully
2025-11-14 21:46:37 [main] INFO  factory.BaseClass - Closing browser...
2025-11-14 21:46:37 [main] INFO  factory.BaseClass - ===== Test Execution Finished =====
2025-11-14 21:59:02 [main] INFO  factory.BaseClass - ===== Test Execution Started =====
2025-11-14 21:59:04 [main] INFO  factory.BaseClass - Browser initialized successfully.
2025-11-14 21:59:06 [main] INFO  factory.BaseClass - Navigated to URL: https://automationexercise.com/
2025-11-14 21:59:06 [main] INFO  factory.BaseClass - Browser window maximized.
2025-11-14 21:59:20 [main] ERROR factory.BaseClass - Screenshot captured for failed step in scenario: Register during checkout and place order successfully
2025-11-14 21:59:20 [main] ERROR factory.BaseClass - Scenario FAILED: Register during checkout and place order successfully
2025-11-14 21:59:20 [main] INFO  factory.BaseClass - Closing browser...
2025-11-14 21:59:21 [main] INFO  factory.BaseClass - ===== Test Execution Finished =====
2025-11-14 22:01:53 [main] INFO  factory.BaseClass - ===== Test Execution Started =====
2025-11-14 22:01:56 [main] INFO  factory.BaseClass - Browser initialized successfully.
2025-11-14 22:01:58 [main] INFO  factory.BaseClass - Navigated to URL: https://automationexercise.com/
2025-11-14 22:01:58 [main] INFO  factory.BaseClass - Browser window maximized.
2025-11-14 22:02:14 [main] ERROR factory.BaseClass - Screenshot captured for failed step in scenario: Register during checkout and place order successfully
2025-11-14 22:02:14 [main] ERROR factory.BaseClass - Scenario FAILED: Register during checkout and place order successfully
2025-11-14 22:02:14 [main] INFO  factory.BaseClass - Closing browser...
2025-11-14 22:02:14 [main] INFO  factory.BaseClass - ===== Test Execution Finished =====
